SH SERIES C/C++ Compiler (Ver. 6.0C)                                                                 18-Feb-2011 21:51:58  PAGE    1

************ OBJECT LISTING ************

FILE NAME: Z:\Users\thomas\Projekte\fxSDK\Bob\levels.c

SCT OFFSET   CODE       C LABEL     INSTRUCTION OPERAND    COMMENT

        levels.c     1    /*
        levels.c     2     * level 1
        levels.c     3     * generated with xythobuz' BobLevelCreator
        levels.c     4     */
        levels.c     5    #include "levels.h"
        levels.c     6    
        levels.c     7    char lvl1_Block_0[3] = { 0, 20, 35 };
        levels.c     8    char lvl1_Block_1[3] = { 0, 20, 35 };
        levels.c     9    char lvl1_Block_2[3] = { 0, 20, 35 };
        levels.c    10    char lvl1_Block_3[3] = { 0, 20, 35 };
        levels.c    11    char lvl1_Block_4[3] = { 0, 20, 35 };
        levels.c    12    char lvl1_Block_5[4] = { 0, 11, 20, 35 };
        levels.c    13    char lvl1_Block_6[4] = { 0, 10, 11, 35 };
        levels.c    14    char lvl1_Block_7[36] = { 0, 1, 2, 3, 4, 5, 6, 7, 8, 9, 10, 11, 12, 13, 14, 15, 16, 17, 18, 19, 20, 21, 22
                         +, 23, 24, 25, 26, 27, 28, 29, 30, 31, 32, 33, 34, 35 };
        levels.c    15    
        levels.c    16    char lvl1_Box_0[1] = { -1 };
        levels.c    17    char lvl1_Box_1[1] = { -1 };
        levels.c    18    char lvl1_Box_2[1] = { -1 };
        levels.c    19    char lvl1_Box_3[1] = { -1 };
        levels.c    20    char lvl1_Box_4[1] = { -1 };
        levels.c    21    char lvl1_Box_5[4] = { 23, 24, 25, 28 };
        levels.c    22    char lvl1_Box_6[1] = { -1 };
        levels.c    23    char lvl1_Box_7[1] = { -1 };
        levels.c    24    
        levels.c    25    char lvl1_Coin_0[1] = { -1 };
        levels.c    26    char lvl1_Coin_1[1] = { -1 };
        levels.c    27    char lvl1_Coin_2[1] = { -1 };
        levels.c    28    char lvl1_Coin_3[1] = { -1 };
        levels.c    29    char lvl1_Coin_4[3] = { 4, 5, 6 };
        levels.c    30    char lvl1_Coin_5[1] = { -1 };
        levels.c    31    char lvl1_Coin_6[1] = { 7 };
        levels.c    32    char lvl1_Coin_7[1] = { -1 };
        levels.c    33    
        levels.c    34    
        levels.c    35    int getsizeBlock1(char y) {
P   00000000              _getsizeBlock1:                  ; function: getsizeBlock1
                                                           ; frame size=0
        levels.c    36            switch(y) {
    00000000 604E                   EXTS.B      R4,R0
    00000002 8800                   CMP/EQ      #0,R0
    00000004 890F                   BT          L278
    00000006 8801                   CMP/EQ      #1,R0
    00000008 890D                   BT          L278
    0000000A 8802                   CMP/EQ      #2,R0
    0000000C 890B                   BT          L278
    0000000E 8803                   CMP/EQ      #3,R0
    00000010 8909                   BT          L278
    00000012 8804                   CMP/EQ      #4,R0
    00000014 8907                   BT          L278
    00000016 8805                   CMP/EQ      #5,R0
    00000018 8907                   BT          L279
    0000001A 8806                   CMP/EQ      #6,R0
    0000001C 8905                   BT          L279




SH SERIES C/C++ Compiler (Ver. 6.0C)                                                                 18-Feb-2011 21:51:58  PAGE    2


SCT OFFSET   CODE       C LABEL     INSTRUCTION OPERAND    COMMENT

    0000001E 8807                   CMP/EQ      #7,R0
    00000020 8905                   BT          L329
    00000022 A006                   BRA         L330
    00000024 0009                   NOP
    00000026              L278:
        levels.c    37                    case 0:
        levels.c    38                            return sizeof(lvl1_Block_0) / sizeof(lvl1_Block_0[0]);
        levels.c    39                    case 1:
        levels.c    40                            return sizeof(lvl1_Block_1) / sizeof(lvl1_Block_1[0]);
        levels.c    41                    case 2:
        levels.c    42                            return sizeof(lvl1_Block_2) / sizeof(lvl1_Block_2[0]);
        levels.c    43                    case 3:
        levels.c    44                            return sizeof(lvl1_Block_3) / sizeof(lvl1_Block_3[0]);
        levels.c    45                    case 4:
        levels.c    46                            return sizeof(lvl1_Block_4) / sizeof(lvl1_Block_4[0]);
    00000026 000B                   RTS
    00000028 E003                   MOV         #3,R0
    0000002A              L279:
        levels.c    47                    case 5:
        levels.c    48                            return sizeof(lvl1_Block_5) / sizeof(lvl1_Block_5[0]);
        levels.c    49                    case 6:
        levels.c    50                            return sizeof(lvl1_Block_6) / sizeof(lvl1_Block_6[0]);
    0000002A 000B                   RTS
    0000002C E004                   MOV         #4,R0
    0000002E              L329:                            ; case label 
        levels.c    51                    case 7:
        levels.c    52                            return sizeof(lvl1_Block_7) / sizeof(lvl1_Block_7[0]);
    0000002E 000B                   RTS
    00000030 E024                   MOV         #36,R0
    00000032              L330:                            ; default label 
        levels.c    53    
        levels.c    54                    default:
        levels.c    55                            return -1;
    00000032 E0FF                   MOV         #-1,R0
        levels.c    56            }
        levels.c    57    }
    00000034              L403:                             
    00000034 000B                   RTS
    00000036 0009                   NOP
        levels.c    58    
        levels.c    59    int getsizeBox1(char y) {
    00000038              _getsizeBox1:                    ; function: getsizeBox1
                                                           ; frame size=0
        levels.c    60            switch(y) {
    00000038 604E                   EXTS.B      R4,R0
    0000003A 8800                   CMP/EQ      #0,R0
    0000003C 8911                   BT          L300
    0000003E 8801                   CMP/EQ      #1,R0
    00000040 890F                   BT          L300
    00000042 8802                   CMP/EQ      #2,R0
    00000044 890D                   BT          L300
    00000046 8803                   CMP/EQ      #3,R0
    00000048 890B                   BT          L300
    0000004A 8804                   CMP/EQ      #4,R0
    0000004C 8909                   BT          L300
    0000004E 8805                   CMP/EQ      #5,R0
    00000050 8905                   BT          L336




SH SERIES C/C++ Compiler (Ver. 6.0C)                                                                 18-Feb-2011 21:51:58  PAGE    3


SCT OFFSET   CODE       C LABEL     INSTRUCTION OPERAND    COMMENT

    00000052 8806                   CMP/EQ      #6,R0
    00000054 8905                   BT          L300
    00000056 8807                   CMP/EQ      #7,R0
    00000058 8903                   BT          L300
    0000005A A004                   BRA         L339
    0000005C 0009                   NOP
    0000005E              L336:                            ; case label 
        levels.c    61                    case 0:
        levels.c    62                            return sizeof(lvl1_Box_0) / sizeof(lvl1_Box_0[0]);
        levels.c    63                    case 1:
        levels.c    64                            return sizeof(lvl1_Box_1) / sizeof(lvl1_Box_1[0]);
        levels.c    65                    case 2:
        levels.c    66                            return sizeof(lvl1_Box_2) / sizeof(lvl1_Box_2[0]);
        levels.c    67                    case 3:
        levels.c    68                            return sizeof(lvl1_Box_3) / sizeof(lvl1_Box_3[0]);
        levels.c    69                    case 4:
        levels.c    70                            return sizeof(lvl1_Box_4) / sizeof(lvl1_Box_4[0]);
        levels.c    71                    case 5:
        levels.c    72                            return sizeof(lvl1_Box_5) / sizeof(lvl1_Box_5[0]);
    0000005E 000B                   RTS
    00000060 E004                   MOV         #4,R0
    00000062              L300:
        levels.c    73                    case 6:
        levels.c    74                            return sizeof(lvl1_Box_6) / sizeof(lvl1_Box_6[0]);
        levels.c    75                    case 7:
        levels.c    76                            return sizeof(lvl1_Box_7) / sizeof(lvl1_Box_7[0]);
    00000062 000B                   RTS
    00000064 E001                   MOV         #1,R0
    00000066              L339:                            ; default label 
        levels.c    77    
        levels.c    78                    default:
        levels.c    79                            return -1;
    00000066 E0FF                   MOV         #-1,R0
        levels.c    80            }
        levels.c    81    }
    00000068              L405:                             
    00000068 000B                   RTS
    0000006A 0009                   NOP
        levels.c    82    
        levels.c    83    int getsizeCoin1(char y) {
    0000006C              _getsizeCoin1:                   ; function: getsizeCoin1
                                                           ; frame size=0
        levels.c    84            switch(y) {
    0000006C 604E                   EXTS.B      R4,R0
    0000006E 8800                   CMP/EQ      #0,R0
    00000070 8911                   BT          L321
    00000072 8801                   CMP/EQ      #1,R0
    00000074 890F                   BT          L321
    00000076 8802                   CMP/EQ      #2,R0
    00000078 890D                   BT          L321
    0000007A 8803                   CMP/EQ      #3,R0
    0000007C 890B                   BT          L321
    0000007E 8804                   CMP/EQ      #4,R0
    00000080 8907                   BT          L344
    00000082 8805                   CMP/EQ      #5,R0
    00000084 8907                   BT          L321
    00000086 8806                   CMP/EQ      #6,R0




SH SERIES C/C++ Compiler (Ver. 6.0C)                                                                 18-Feb-2011 21:51:58  PAGE    4


SCT OFFSET   CODE       C LABEL     INSTRUCTION OPERAND    COMMENT

    00000088 8905                   BT          L321
    0000008A 8807                   CMP/EQ      #7,R0
    0000008C 8903                   BT          L321
    0000008E A004                   BRA         L348
    00000090 0009                   NOP
    00000092              L344:                            ; case label 
        levels.c    85                    case 0:
        levels.c    86                            return sizeof(lvl1_Coin_0) / sizeof(lvl1_Coin_0[0]);
        levels.c    87                    case 1:
        levels.c    88                            return sizeof(lvl1_Coin_1) / sizeof(lvl1_Coin_1[0]);
        levels.c    89                    case 2:
        levels.c    90                            return sizeof(lvl1_Coin_2) / sizeof(lvl1_Coin_2[0]);
        levels.c    91                    case 3:
        levels.c    92                            return sizeof(lvl1_Coin_3) / sizeof(lvl1_Coin_3[0]);
        levels.c    93                    case 4:
        levels.c    94                            return sizeof(lvl1_Coin_4) / sizeof(lvl1_Coin_4[0]);
    00000092 000B                   RTS
    00000094 E003                   MOV         #3,R0
    00000096              L321:
        levels.c    95                    case 5:
        levels.c    96                            return sizeof(lvl1_Coin_5) / sizeof(lvl1_Coin_5[0]);
        levels.c    97                    case 6:
        levels.c    98                            return sizeof(lvl1_Coin_6) / sizeof(lvl1_Coin_6[0]);
        levels.c    99                    case 7:
        levels.c   100                            return sizeof(lvl1_Coin_7) / sizeof(lvl1_Coin_7[0]);
    00000096 000B                   RTS
    00000098 E001                   MOV         #1,R0
    0000009A              L348:                            ; default label 
        levels.c   101    
        levels.c   102                    default:
        levels.c   103                            return -1;
    0000009A E0FF                   MOV         #-1,R0
        levels.c   104            }
        levels.c   105    }
    0000009C              L407:                             
    0000009C 000B                   RTS
    0000009E 0009                   NOP
        levels.c   106    
D   00000000              _lvl1_Block_0:                   ; static: lvl1_Block_0
    00000000 001423                 .DATA.B     H'00,H'14,H'23
    00000003              _lvl1_Block_1:                   ; static: lvl1_Block_1
    00000003 001423                 .DATA.B     H'00,H'14,H'23
    00000006              _lvl1_Block_2:                   ; static: lvl1_Block_2
    00000006 001423                 .DATA.B     H'00,H'14,H'23
    00000009              _lvl1_Block_3:                   ; static: lvl1_Block_3
    00000009 001423                 .DATA.B     H'00,H'14,H'23
    0000000C              _lvl1_Block_4:                   ; static: lvl1_Block_4
    0000000C 001423                 .DATA.B     H'00,H'14,H'23
    0000000F              _lvl1_Block_5:                   ; static: lvl1_Block_5
    0000000F 000B1423               .DATA.B     H'00,H'0B,H'14,H'23
    00000013              _lvl1_Block_6:                   ; static: lvl1_Block_6
    00000013 000A0B23               .DATA.B     H'00,H'0A,H'0B,H'23
    00000017              _lvl1_Block_7:                   ; static: lvl1_Block_7
    00000017 0001020304             .DATA.B     H'00,H'01,H'02,H'03,H'04,H'05,H'06,H'07,H'08,H'09,H'0A,H'0B,H'0C,H'0D,H'0E,H'0F,
             0506070809 +                       H'10,H'11,H'12,H'13,H'14,H'15,H'16,H'17,H'18,H'19,H'1A,H'1B,H'1C,H'1D,H'1E,H'1F,
             0A0B0C0D0E +                       H'20,H'21,H'22,H'23
             0F10111213   




SH SERIES C/C++ Compiler (Ver. 6.0C)                                                                 18-Feb-2011 21:51:58  PAGE    5


SCT OFFSET   CODE       C LABEL     INSTRUCTION OPERAND    COMMENT

             1415161718   
             191A1B1C1D   
             1E1F202122   
             23           
    0000003B              _lvl1_Box_0:                     ; static: lvl1_Box_0
    0000003B FF                     .DATA.B     H'FF
    0000003C              _lvl1_Box_1:                     ; static: lvl1_Box_1
    0000003C FF                     .DATA.B     H'FF
    0000003D              _lvl1_Box_2:                     ; static: lvl1_Box_2
    0000003D FF                     .DATA.B     H'FF
    0000003E              _lvl1_Box_3:                     ; static: lvl1_Box_3
    0000003E FF                     .DATA.B     H'FF
    0000003F              _lvl1_Box_4:                     ; static: lvl1_Box_4
    0000003F FF                     .DATA.B     H'FF
    00000040              _lvl1_Box_5:                     ; static: lvl1_Box_5
    00000040 1718191C               .DATA.B     H'17,H'18,H'19,H'1C
    00000044              _lvl1_Box_6:                     ; static: lvl1_Box_6
    00000044 FF                     .DATA.B     H'FF
    00000045              _lvl1_Box_7:                     ; static: lvl1_Box_7
    00000045 FF                     .DATA.B     H'FF
    00000046              _lvl1_Coin_0:                    ; static: lvl1_Coin_0
    00000046 FF                     .DATA.B     H'FF
    00000047              _lvl1_Coin_1:                    ; static: lvl1_Coin_1
    00000047 FF                     .DATA.B     H'FF
    00000048              _lvl1_Coin_2:                    ; static: lvl1_Coin_2
    00000048 FF                     .DATA.B     H'FF
    00000049              _lvl1_Coin_3:                    ; static: lvl1_Coin_3
    00000049 FF                     .DATA.B     H'FF
    0000004A              _lvl1_Coin_4:                    ; static: lvl1_Coin_4
    0000004A 040506                 .DATA.B     H'04,H'05,H'06
    0000004D              _lvl1_Coin_5:                    ; static: lvl1_Coin_5
    0000004D FF                     .DATA.B     H'FF
    0000004E              _lvl1_Coin_6:                    ; static: lvl1_Coin_6
    0000004E 07                     .DATA.B     H'07
    0000004F              _lvl1_Coin_7:                    ; static: lvl1_Coin_7
    0000004F FF                     .DATA.B     H'FF

























SH SERIES C/C++ Compiler (Ver. 6.0C)                                                                 18-Feb-2011 21:51:58  PAGE    1


******** STATISTICS INFORMATION ********


********** ERROR INFORMATION ***********

NUMBER OF ERRORS:           0
NUMBER OF WARNINGS:         0




******* SOURCE LINE INFORMATION ********

COMPILED SOURCE LINE:      106



******* SECTION SIZE INFORMATION *******

PROGRAM  SECTION (P):                               000000A0 Byte(s)
CONSTANT SECTION (C):                               00000000 Byte(s)
DATA     SECTION (D):                               00000050 Byte(s)
BSS      SECTION (B):                               00000000 Byte(s)

 TOTAL PROGRAM SIZE: 000000F0 Byte(s)



********** LABEL INFORMATION ***********

NUMBER OF EXTERNAL REFERENCE SYMBOLS:            0
NUMBER OF EXTERNAL DEFINITION SYMBOLS:          27
NUMBER OF INTERNAL/EXTERNAL SYMBOLS:            40






























*** COMMAND PARAMETER ***


  -subcommand=C:\users\thomas\Temp\hmkff31.tmp 

